<?xml version="1.0" encoding="UTF-8"?>
<TestRun id="fdf523c8-e544-4bf5-8eb2-4c1f5773e62b" name="Ben-Laptop@BEN-LAPTOP-PC 2012-02-17 14:31:57" runUser="Ben-Laptop-PC\Ben-Laptop" xmlns="http://microsoft.com/schemas/VisualStudio/TeamTest/2010">
  <TestSettings name="Local" id="6b0181d3-dd2d-46cd-994b-ee321ed33afe">
    <Description>These are default test settings for a local test run.</Description>
    <Deployment enabled="false" runDeploymentRoot="Ben-Laptop_BEN-LAPTOP-PC 2012-02-17 14_31_57" />
    <Execution>
      <TestTypeSpecific />
      <AgentRule name="Execution Agents">
      </AgentRule>
    </Execution>
  </TestSettings>
  <Times creation="2012-02-17T14:31:57.3407199+00:00" queuing="2012-02-17T14:31:58.1877684+00:00" start="2012-02-17T14:31:58.7808023+00:00" finish="2012-02-17T14:31:59.4668416+00:00" />
  <ResultSummary outcome="Completed">
    <Counters total="1" executed="1" passed="1" error="0" failed="0" timeout="0" aborted="0" inconclusive="0" passedButRunAborted="0" notRunnable="0" notExecuted="0" disconnected="0" warning="0" completed="0" inProgress="0" pending="0" />
  </ResultSummary>
  <TestDefinitions>
    <UnitTest name="ExtractTest" storage="c:\repo\komodo\komodo\src\komodo.unittest\bin\debug\komodo.unittest.dll" id="6d077f09-6ca3-6e2d-eae3-d216b52458ae">
      <Execution timeOut="1800000" id="8a4ed071-ab86-498e-b645-33ff841dc2d7" />
      <TestMethod codeBase="C:/repo/Komodo/Komodo/src/Komodo.UnitTest/bin/Debug/Komodo.UnitTest.DLL" adapterTypeName="Microsoft.VisualStudio.TestTools.TestTypes.Unit.UnitTestAdapter, Microsoft.VisualStudio.QualityTools.Tips.UnitTest.Adapter, Version=10.0.0.0, Culture=neutral, PublicKeyToken=b03f5f7f11d50a3a" className="Komodo.UnitTest.ExtractorTest, Komodo.UnitTest, Version=1.0.0.0, Culture=neutral, PublicKeyToken=null" name="ExtractTest" />
    </UnitTest>
  </TestDefinitions>
  <TestLists>
    <TestList name="Results Not in a List" id="8c84fa94-04c1-424b-9868-57a2d4851a1d" />
    <TestList name="All Loaded Results" id="19431567-8539-422a-85d7-44ee4e166bda" />
  </TestLists>
  <TestEntries>
    <TestEntry testId="6d077f09-6ca3-6e2d-eae3-d216b52458ae" executionId="8a4ed071-ab86-498e-b645-33ff841dc2d7" testListId="8c84fa94-04c1-424b-9868-57a2d4851a1d" />
  </TestEntries>
  <Results>
    <UnitTestResult executionId="8a4ed071-ab86-498e-b645-33ff841dc2d7" testId="6d077f09-6ca3-6e2d-eae3-d216b52458ae" testName="ExtractTest" computerName="BEN-LAPTOP-PC" duration="00:00:00.1754280" startTime="2012-02-17T14:31:58.9898143+00:00" endTime="2012-02-17T14:31:59.2928316+00:00" testType="13cdc9d9-ddb5-4fa4-a97d-d965ccfc6d4b" outcome="Passed" testListId="8c84fa94-04c1-424b-9868-57a2d4851a1d" relativeResultsDirectory="8a4ed071-ab86-498e-b645-33ff841dc2d7">
    </UnitTestResult>
  </Results>
</TestRun>