<?xml version="1.0" encoding="UTF-8"?>
<TestRun id="6336deeb-233a-4138-9aef-c8328411f93f" name="Ben@BEN_VIRTUAL_DEV 2012-02-16 22:27:57" runUser="BEN_VIRTUAL_DEV\Ben" xmlns="http://microsoft.com/schemas/VisualStudio/TeamTest/2010">
  <TestSettings name="Local" id="6b0181d3-dd2d-46cd-994b-ee321ed33afe">
    <Description>These are default test settings for a local test run.</Description>
    <Deployment enabled="false" runDeploymentRoot="Ben_BEN_VIRTUAL_DEV 2012-02-16 22_27_57">
      <DeploymentItem filename="C:\repo\Komodo\src\Komodo.Scraper\bin\Debug\Komodo.Scraper.dll" />
      <DeploymentItem filename="C:\repo\Komodo\src\Komodo.UnitTest\bin\Debug\HtmlAgilityPack.dll" />
      <DeploymentItem filename="C:\repo\Komodo\src\Komodo.Core\bin\Debug\Komodo.Core.dll" />
    </Deployment>
    <Execution>
      <TestTypeSpecific />
      <AgentRule name="Execution Agents">
      </AgentRule>
    </Execution>
  </TestSettings>
  <Times creation="2012-02-16T22:27:57.1113359+00:00" queuing="2012-02-16T22:27:58.6845781+00:00" start="2012-02-16T22:27:58.9628984+00:00" finish="2012-02-16T22:28:41.8984453+00:00" />
  <ResultSummary outcome="Error">
    <Counters total="5" executed="1" error="0" failed="0" timeout="0" aborted="1" inconclusive="0" passedButRunAborted="0" notRunnable="0" notExecuted="4" disconnected="0" warning="0" passed="0" completed="0" inProgress="0" pending="0" />
    <RunInfos>
      <RunInfo computerName="BEN_VIRTUAL_DEV" outcome="Error" timestamp="2012-02-16T22:28:41.8955156+00:00">
        <Text>Test host process exited unexpectedly.</Text>
      </RunInfo>
    </RunInfos>
  </ResultSummary>
  <TestDefinitions>
    <UnitTest name="PageFetcherConstructorTest2" storage="c:\repo\komodo\src\komodo.unittest\bin\debug\komodo.unittest.dll" id="8044c806-f243-b38b-b211-feeca9dea3ea">
      <Execution id="d16dd3bb-08c5-4bdc-8341-3e63109cceb8" />
      <TestMethod codeBase="C:/repo/Komodo/src/Komodo.UnitTest/bin/Debug/Komodo.UnitTest.DLL" adapterTypeName="Microsoft.VisualStudio.TestTools.TestTypes.Unit.UnitTestAdapter, Microsoft.VisualStudio.QualityTools.Tips.UnitTest.Adapter, Version=10.0.0.0, Culture=neutral, PublicKeyToken=b03f5f7f11d50a3a" className="Komodo.UnitTest.PageFetcherTest, Komodo.UnitTest, Version=1.0.0.0, Culture=neutral, PublicKeyToken=null" name="PageFetcherConstructorTest2" />
    </UnitTest>
    <UnitTest name="PageFetcherConstructorTest" storage="c:\repo\komodo\src\komodo.unittest\bin\debug\komodo.unittest.dll" id="f44a4466-4518-c384-6e24-36ad2220a8c2">
      <Execution id="99051f65-6d96-40a0-8eb3-61569ee982d5" />
      <TestMethod codeBase="C:/repo/Komodo/src/Komodo.UnitTest/bin/Debug/Komodo.UnitTest.DLL" adapterTypeName="Microsoft.VisualStudio.TestTools.TestTypes.Unit.UnitTestAdapter, Microsoft.VisualStudio.QualityTools.Tips.UnitTest.Adapter, Version=10.0.0.0, Culture=neutral, PublicKeyToken=b03f5f7f11d50a3a" className="Komodo.UnitTest.PageFetcherTest, Komodo.UnitTest, Version=1.0.0.0, Culture=neutral, PublicKeyToken=null" name="PageFetcherConstructorTest" />
    </UnitTest>
    <UnitTest name="FindTest" storage="c:\repo\komodo\src\komodo.unittest\bin\debug\komodo.unittest.dll" id="7d476f30-8159-b3a9-f40f-e32dd9377670">
      <Execution id="a4ac36fe-dc2b-476d-abbb-fc814ed56f9e" />
      <TestMethod codeBase="C:/repo/Komodo/src/Komodo.UnitTest/bin/Debug/Komodo.UnitTest.DLL" adapterTypeName="Microsoft.VisualStudio.TestTools.TestTypes.Unit.UnitTestAdapter, Microsoft.VisualStudio.QualityTools.Tips.UnitTest.Adapter, Version=10.0.0.0, Culture=neutral, PublicKeyToken=b03f5f7f11d50a3a" className="Komodo.UnitTest.ImdbSearchTest, Komodo.UnitTest, Version=1.0.0.0, Culture=neutral, PublicKeyToken=null" name="FindTest" />
    </UnitTest>
    <UnitTest name="ExtractTest" storage="c:\repo\komodo\src\komodo.unittest\bin\debug\komodo.unittest.dll" id="6d077f09-6ca3-6e2d-eae3-d216b52458ae">
      <Execution id="c6ec16fb-f67e-4efb-bb4c-d2c9a6ba8fb4" />
      <TestMethod codeBase="C:/repo/Komodo/src/Komodo.UnitTest/bin/Debug/Komodo.UnitTest.DLL" adapterTypeName="Microsoft.VisualStudio.TestTools.TestTypes.Unit.UnitTestAdapter, Microsoft.VisualStudio.QualityTools.Tips.UnitTest.Adapter, Version=10.0.0.0, Culture=neutral, PublicKeyToken=b03f5f7f11d50a3a" className="Komodo.UnitTest.ExtractorTest, Komodo.UnitTest, Version=1.0.0.0, Culture=neutral, PublicKeyToken=null" name="ExtractTest" />
    </UnitTest>
    <UnitTest name="GetFilmFromImdbTest" storage="c:\repo\komodo\src\komodo.unittest\bin\debug\komodo.unittest.dll" id="19290635-014b-0d9b-45f3-5f09e1f1fa4a">
      <Execution id="04299252-96ca-4450-bcc0-704980cb27ec" />
      <TestMethod codeBase="C:/repo/Komodo/src/Komodo.UnitTest/bin/Debug/Komodo.UnitTest.DLL" adapterTypeName="Microsoft.VisualStudio.TestTools.TestTypes.Unit.UnitTestAdapter, Microsoft.VisualStudio.QualityTools.Tips.UnitTest.Adapter, Version=10.0.0.0, Culture=neutral, PublicKeyToken=b03f5f7f11d50a3a" className="Komodo.UnitTest.FilmFetcherTest, Komodo.UnitTest, Version=1.0.0.0, Culture=neutral, PublicKeyToken=null" name="GetFilmFromImdbTest" />
    </UnitTest>
  </TestDefinitions>
  <TestLists>
    <TestList name="Results Not in a List" id="8c84fa94-04c1-424b-9868-57a2d4851a1d" />
    <TestList name="All Loaded Results" id="19431567-8539-422a-85d7-44ee4e166bda" />
  </TestLists>
  <TestEntries>
    <TestEntry testId="19290635-014b-0d9b-45f3-5f09e1f1fa4a" executionId="04299252-96ca-4450-bcc0-704980cb27ec" testListId="8c84fa94-04c1-424b-9868-57a2d4851a1d" />
    <TestEntry testId="6d077f09-6ca3-6e2d-eae3-d216b52458ae" executionId="c6ec16fb-f67e-4efb-bb4c-d2c9a6ba8fb4" testListId="8c84fa94-04c1-424b-9868-57a2d4851a1d" />
    <TestEntry testId="7d476f30-8159-b3a9-f40f-e32dd9377670" executionId="a4ac36fe-dc2b-476d-abbb-fc814ed56f9e" testListId="8c84fa94-04c1-424b-9868-57a2d4851a1d" />
    <TestEntry testId="8044c806-f243-b38b-b211-feeca9dea3ea" executionId="d16dd3bb-08c5-4bdc-8341-3e63109cceb8" testListId="8c84fa94-04c1-424b-9868-57a2d4851a1d" />
    <TestEntry testId="f44a4466-4518-c384-6e24-36ad2220a8c2" executionId="99051f65-6d96-40a0-8eb3-61569ee982d5" testListId="8c84fa94-04c1-424b-9868-57a2d4851a1d" />
  </TestEntries>
  <Results>
    <UnitTestResult executionId="04299252-96ca-4450-bcc0-704980cb27ec" testId="19290635-014b-0d9b-45f3-5f09e1f1fa4a" testName="GetFilmFromImdbTest" computerName="BEN_VIRTUAL_DEV" duration="00:00:42.7304687" startTime="2012-02-16T22:27:59.1679766+00:00" endTime="2012-02-16T22:28:41.8984453+00:00" testType="13cdc9d9-ddb5-4fa4-a97d-d965ccfc6d4b" outcome="Aborted" testListId="8c84fa94-04c1-424b-9868-57a2d4851a1d" relativeResultsDirectory="04299252-96ca-4450-bcc0-704980cb27ec">
    </UnitTestResult>
    <UnitTestResult executionId="c6ec16fb-f67e-4efb-bb4c-d2c9a6ba8fb4" testId="6d077f09-6ca3-6e2d-eae3-d216b52458ae" testName="ExtractTest" computerName="BEN_VIRTUAL_DEV" testType="13cdc9d9-ddb5-4fa4-a97d-d965ccfc6d4b" outcome="NotExecuted" testListId="8c84fa94-04c1-424b-9868-57a2d4851a1d" relativeResultsDirectory="c6ec16fb-f67e-4efb-bb4c-d2c9a6ba8fb4">
    </UnitTestResult>
    <UnitTestResult executionId="a4ac36fe-dc2b-476d-abbb-fc814ed56f9e" testId="7d476f30-8159-b3a9-f40f-e32dd9377670" testName="FindTest" computerName="BEN_VIRTUAL_DEV" testType="13cdc9d9-ddb5-4fa4-a97d-d965ccfc6d4b" outcome="NotExecuted" testListId="8c84fa94-04c1-424b-9868-57a2d4851a1d" relativeResultsDirectory="a4ac36fe-dc2b-476d-abbb-fc814ed56f9e">
    </UnitTestResult>
    <UnitTestResult executionId="d16dd3bb-08c5-4bdc-8341-3e63109cceb8" testId="8044c806-f243-b38b-b211-feeca9dea3ea" testName="PageFetcherConstructorTest2" computerName="BEN_VIRTUAL_DEV" testType="13cdc9d9-ddb5-4fa4-a97d-d965ccfc6d4b" outcome="NotExecuted" testListId="8c84fa94-04c1-424b-9868-57a2d4851a1d" relativeResultsDirectory="d16dd3bb-08c5-4bdc-8341-3e63109cceb8">
    </UnitTestResult>
    <UnitTestResult executionId="99051f65-6d96-40a0-8eb3-61569ee982d5" testId="f44a4466-4518-c384-6e24-36ad2220a8c2" testName="PageFetcherConstructorTest" computerName="BEN_VIRTUAL_DEV" testType="13cdc9d9-ddb5-4fa4-a97d-d965ccfc6d4b" outcome="NotExecuted" testListId="8c84fa94-04c1-424b-9868-57a2d4851a1d" relativeResultsDirectory="99051f65-6d96-40a0-8eb3-61569ee982d5">
    </UnitTestResult>
  </Results>
</TestRun>