<?xml version="1.0" encoding="UTF-8"?>
<TestRun id="7e18e8de-15d4-4cb6-a17f-ee631ea5e192" name="Ben@BEN_VIRTUAL_DEV 2012-02-16 23:04:28" runUser="BEN_VIRTUAL_DEV\Ben" xmlns="http://microsoft.com/schemas/VisualStudio/TeamTest/2010">
  <TestSettings name="Local" id="6b0181d3-dd2d-46cd-994b-ee321ed33afe">
    <Description>These are default test settings for a local test run.</Description>
    <Deployment enabled="false" runDeploymentRoot="Ben_BEN_VIRTUAL_DEV 2012-02-16 23_04_28">
      <DeploymentItem filename="C:\repo\Komodo\src\Komodo.Scraper\bin\Debug\Komodo.Scraper.dll" />
      <DeploymentItem filename="C:\repo\Komodo\src\Komodo.UnitTest\bin\Debug\HtmlAgilityPack.dll" />
      <DeploymentItem filename="C:\repo\Komodo\src\Komodo.Core\bin\Debug\Komodo.Core.dll" />
    </Deployment>
    <Execution>
      <TestTypeSpecific />
      <AgentRule name="Execution Agents">
      </AgentRule>
    </Execution>
  </TestSettings>
  <Times creation="2012-02-16T23:04:28.7089922+00:00" queuing="2012-02-16T23:04:30.8447344+00:00" start="2012-02-16T23:04:31.1367266+00:00" finish="2012-02-16T23:05:16.1787188+00:00" />
  <ResultSummary outcome="Error">
    <Counters total="5" executed="1" error="0" failed="0" timeout="0" aborted="1" inconclusive="0" passedButRunAborted="0" notRunnable="0" notExecuted="4" disconnected="0" warning="0" passed="0" completed="0" inProgress="0" pending="0" />
    <RunInfos>
      <RunInfo computerName="BEN_VIRTUAL_DEV" outcome="Error" timestamp="2012-02-16T23:05:16.1718828+00:00">
        <Text>Test host process exited unexpectedly.</Text>
      </RunInfo>
    </RunInfos>
  </ResultSummary>
  <TestDefinitions>
    <UnitTest name="PageFetcherConstructorTest2" storage="c:\repo\komodo\src\komodo.unittest\bin\debug\komodo.unittest.dll" id="8044c806-f243-b38b-b211-feeca9dea3ea">
      <Execution id="9ce1c2fb-b0cd-4317-b73f-335a1aa57d19" />
      <TestMethod codeBase="C:/repo/Komodo/src/Komodo.UnitTest/bin/Debug/Komodo.UnitTest.DLL" adapterTypeName="Microsoft.VisualStudio.TestTools.TestTypes.Unit.UnitTestAdapter, Microsoft.VisualStudio.QualityTools.Tips.UnitTest.Adapter, Version=10.0.0.0, Culture=neutral, PublicKeyToken=b03f5f7f11d50a3a" className="Komodo.UnitTest.PageFetcherTest, Komodo.UnitTest, Version=1.0.0.0, Culture=neutral, PublicKeyToken=null" name="PageFetcherConstructorTest2" />
    </UnitTest>
    <UnitTest name="PageFetcherConstructorTest" storage="c:\repo\komodo\src\komodo.unittest\bin\debug\komodo.unittest.dll" id="f44a4466-4518-c384-6e24-36ad2220a8c2">
      <Execution id="e173969b-1dca-493f-8835-180b2faaa559" />
      <TestMethod codeBase="C:/repo/Komodo/src/Komodo.UnitTest/bin/Debug/Komodo.UnitTest.DLL" adapterTypeName="Microsoft.VisualStudio.TestTools.TestTypes.Unit.UnitTestAdapter, Microsoft.VisualStudio.QualityTools.Tips.UnitTest.Adapter, Version=10.0.0.0, Culture=neutral, PublicKeyToken=b03f5f7f11d50a3a" className="Komodo.UnitTest.PageFetcherTest, Komodo.UnitTest, Version=1.0.0.0, Culture=neutral, PublicKeyToken=null" name="PageFetcherConstructorTest" />
    </UnitTest>
    <UnitTest name="FindTest" storage="c:\repo\komodo\src\komodo.unittest\bin\debug\komodo.unittest.dll" id="7d476f30-8159-b3a9-f40f-e32dd9377670">
      <Execution id="fce267ab-1b5e-407c-a8c1-724b211367dc" />
      <TestMethod codeBase="C:/repo/Komodo/src/Komodo.UnitTest/bin/Debug/Komodo.UnitTest.DLL" adapterTypeName="Microsoft.VisualStudio.TestTools.TestTypes.Unit.UnitTestAdapter, Microsoft.VisualStudio.QualityTools.Tips.UnitTest.Adapter, Version=10.0.0.0, Culture=neutral, PublicKeyToken=b03f5f7f11d50a3a" className="Komodo.UnitTest.ImdbSearchTest, Komodo.UnitTest, Version=1.0.0.0, Culture=neutral, PublicKeyToken=null" name="FindTest" />
    </UnitTest>
    <UnitTest name="ExtractTest" storage="c:\repo\komodo\src\komodo.unittest\bin\debug\komodo.unittest.dll" id="6d077f09-6ca3-6e2d-eae3-d216b52458ae">
      <Execution id="538a9ff1-ced0-4c8f-ac40-ed691c31af47" />
      <TestMethod codeBase="C:/repo/Komodo/src/Komodo.UnitTest/bin/Debug/Komodo.UnitTest.DLL" adapterTypeName="Microsoft.VisualStudio.TestTools.TestTypes.Unit.UnitTestAdapter, Microsoft.VisualStudio.QualityTools.Tips.UnitTest.Adapter, Version=10.0.0.0, Culture=neutral, PublicKeyToken=b03f5f7f11d50a3a" className="Komodo.UnitTest.ExtractorTest, Komodo.UnitTest, Version=1.0.0.0, Culture=neutral, PublicKeyToken=null" name="ExtractTest" />
    </UnitTest>
    <UnitTest name="GetFilmFromImdbTest" storage="c:\repo\komodo\src\komodo.unittest\bin\debug\komodo.unittest.dll" id="19290635-014b-0d9b-45f3-5f09e1f1fa4a">
      <Execution id="e32236a7-0721-434c-a66f-326ea31b5057" />
      <TestMethod codeBase="C:/repo/Komodo/src/Komodo.UnitTest/bin/Debug/Komodo.UnitTest.DLL" adapterTypeName="Microsoft.VisualStudio.TestTools.TestTypes.Unit.UnitTestAdapter, Microsoft.VisualStudio.QualityTools.Tips.UnitTest.Adapter, Version=10.0.0.0, Culture=neutral, PublicKeyToken=b03f5f7f11d50a3a" className="Komodo.UnitTest.FilmFetcherTest, Komodo.UnitTest, Version=1.0.0.0, Culture=neutral, PublicKeyToken=null" name="GetFilmFromImdbTest" />
    </UnitTest>
  </TestDefinitions>
  <TestLists>
    <TestList name="Results Not in a List" id="8c84fa94-04c1-424b-9868-57a2d4851a1d" />
    <TestList name="All Loaded Results" id="19431567-8539-422a-85d7-44ee4e166bda" />
  </TestLists>
  <TestEntries>
    <TestEntry testId="19290635-014b-0d9b-45f3-5f09e1f1fa4a" executionId="e32236a7-0721-434c-a66f-326ea31b5057" testListId="8c84fa94-04c1-424b-9868-57a2d4851a1d" />
    <TestEntry testId="6d077f09-6ca3-6e2d-eae3-d216b52458ae" executionId="538a9ff1-ced0-4c8f-ac40-ed691c31af47" testListId="8c84fa94-04c1-424b-9868-57a2d4851a1d" />
    <TestEntry testId="7d476f30-8159-b3a9-f40f-e32dd9377670" executionId="fce267ab-1b5e-407c-a8c1-724b211367dc" testListId="8c84fa94-04c1-424b-9868-57a2d4851a1d" />
    <TestEntry testId="8044c806-f243-b38b-b211-feeca9dea3ea" executionId="9ce1c2fb-b0cd-4317-b73f-335a1aa57d19" testListId="8c84fa94-04c1-424b-9868-57a2d4851a1d" />
    <TestEntry testId="f44a4466-4518-c384-6e24-36ad2220a8c2" executionId="e173969b-1dca-493f-8835-180b2faaa559" testListId="8c84fa94-04c1-424b-9868-57a2d4851a1d" />
  </TestEntries>
  <Results>
    <UnitTestResult executionId="e32236a7-0721-434c-a66f-326ea31b5057" testId="19290635-014b-0d9b-45f3-5f09e1f1fa4a" testName="GetFilmFromImdbTest" computerName="BEN_VIRTUAL_DEV" duration="00:00:44.7900390" startTime="2012-02-16T23:04:31.3867266+00:00" endTime="2012-02-16T23:05:16.1767656+00:00" testType="13cdc9d9-ddb5-4fa4-a97d-d965ccfc6d4b" outcome="Aborted" testListId="8c84fa94-04c1-424b-9868-57a2d4851a1d" relativeResultsDirectory="e32236a7-0721-434c-a66f-326ea31b5057">
    </UnitTestResult>
    <UnitTestResult executionId="538a9ff1-ced0-4c8f-ac40-ed691c31af47" testId="6d077f09-6ca3-6e2d-eae3-d216b52458ae" testName="ExtractTest" computerName="BEN_VIRTUAL_DEV" testType="13cdc9d9-ddb5-4fa4-a97d-d965ccfc6d4b" outcome="NotExecuted" testListId="8c84fa94-04c1-424b-9868-57a2d4851a1d" relativeResultsDirectory="538a9ff1-ced0-4c8f-ac40-ed691c31af47">
    </UnitTestResult>
    <UnitTestResult executionId="fce267ab-1b5e-407c-a8c1-724b211367dc" testId="7d476f30-8159-b3a9-f40f-e32dd9377670" testName="FindTest" computerName="BEN_VIRTUAL_DEV" testType="13cdc9d9-ddb5-4fa4-a97d-d965ccfc6d4b" outcome="NotExecuted" testListId="8c84fa94-04c1-424b-9868-57a2d4851a1d" relativeResultsDirectory="fce267ab-1b5e-407c-a8c1-724b211367dc">
    </UnitTestResult>
    <UnitTestResult executionId="9ce1c2fb-b0cd-4317-b73f-335a1aa57d19" testId="8044c806-f243-b38b-b211-feeca9dea3ea" testName="PageFetcherConstructorTest2" computerName="BEN_VIRTUAL_DEV" testType="13cdc9d9-ddb5-4fa4-a97d-d965ccfc6d4b" outcome="NotExecuted" testListId="8c84fa94-04c1-424b-9868-57a2d4851a1d" relativeResultsDirectory="9ce1c2fb-b0cd-4317-b73f-335a1aa57d19">
    </UnitTestResult>
    <UnitTestResult executionId="e173969b-1dca-493f-8835-180b2faaa559" testId="f44a4466-4518-c384-6e24-36ad2220a8c2" testName="PageFetcherConstructorTest" computerName="BEN_VIRTUAL_DEV" testType="13cdc9d9-ddb5-4fa4-a97d-d965ccfc6d4b" outcome="NotExecuted" testListId="8c84fa94-04c1-424b-9868-57a2d4851a1d" relativeResultsDirectory="e173969b-1dca-493f-8835-180b2faaa559">
    </UnitTestResult>
  </Results>
</TestRun>