<?xml version="1.0" encoding="UTF-8"?>
<TestRun id="e0580560-8a62-42af-990d-6aa2d7d8d405" name="Ben@BEN_VIRTUAL_DEV 2012-02-20 20:06:39" runUser="BEN_VIRTUAL_DEV\Ben" xmlns="http://microsoft.com/schemas/VisualStudio/TeamTest/2010">
  <TestSettings name="Local" id="6b0181d3-dd2d-46cd-994b-ee321ed33afe">
    <Description>These are default test settings for a local test run.</Description>
    <Deployment enabled="false" runDeploymentRoot="Ben_BEN_VIRTUAL_DEV 2012-02-20 20_06_39">
      <DeploymentItem filename="C:\repo\Komodo\src\Komodo.Scraper\bin\Debug\Komodo.Scraper.dll" />
      <DeploymentItem filename="C:\repo\Komodo\src\Komodo.UnitTest\bin\Debug\HtmlAgilityPack.dll" />
      <DeploymentItem filename="C:\repo\Komodo\src\Komodo.Core\bin\Debug\Komodo.Core.dll" />
    </Deployment>
    <Execution>
      <TestTypeSpecific />
      <AgentRule name="Execution Agents">
      </AgentRule>
    </Execution>
  </TestSettings>
  <Times creation="2012-02-20T20:06:39.0279765+00:00" queuing="2012-02-20T20:06:40.7682109+00:00" start="2012-02-20T20:06:41.0152812+00:00" finish="2012-02-20T20:07:00.3434062+00:00" />
  <ResultSummary outcome="Error">
    <Counters total="6" executed="1" error="0" failed="0" timeout="0" aborted="1" inconclusive="0" passedButRunAborted="0" notRunnable="0" notExecuted="5" disconnected="0" warning="0" passed="0" completed="0" inProgress="0" pending="0" />
    <RunInfos>
      <RunInfo computerName="BEN_VIRTUAL_DEV" outcome="Error" timestamp="2012-02-20T20:07:00.3414531+00:00">
        <Text>Test host process exited unexpectedly.</Text>
      </RunInfo>
    </RunInfos>
  </ResultSummary>
  <TestDefinitions>
    <UnitTest name="ExtractTest" storage="c:\repo\komodo\src\komodo.unittest\bin\debug\komodo.unittest.dll" id="6d077f09-6ca3-6e2d-eae3-d216b52458ae">
      <Execution id="252215cb-e745-49d4-be97-bdcbc013a9ff" />
      <TestMethod codeBase="C:/repo/Komodo/src/Komodo.UnitTest/bin/Debug/Komodo.UnitTest.DLL" adapterTypeName="Microsoft.VisualStudio.TestTools.TestTypes.Unit.UnitTestAdapter, Microsoft.VisualStudio.QualityTools.Tips.UnitTest.Adapter, Version=10.0.0.0, Culture=neutral, PublicKeyToken=b03f5f7f11d50a3a" className="Komodo.UnitTest.ExtractorTest, Komodo.UnitTest, Version=1.0.0.0, Culture=neutral, PublicKeyToken=null" name="ExtractTest" />
    </UnitTest>
    <UnitTest name="RemoveBetweenTest" storage="c:\repo\komodo\src\komodo.unittest\bin\debug\komodo.unittest.dll" id="5d4a552b-88f7-bd47-acc7-682481f246a1">
      <Execution id="23ce56a9-9519-4f97-b138-fbafc50fd9f4" />
      <TestMethod codeBase="C:/repo/Komodo/src/Komodo.UnitTest/bin/Debug/Komodo.UnitTest.DLL" adapterTypeName="Microsoft.VisualStudio.TestTools.TestTypes.Unit.UnitTestAdapter, Microsoft.VisualStudio.QualityTools.Tips.UnitTest.Adapter, Version=10.0.0.0, Culture=neutral, PublicKeyToken=b03f5f7f11d50a3a" className="Komodo.UnitTest.ExtractorTest, Komodo.UnitTest, Version=1.0.0.0, Culture=neutral, PublicKeyToken=null" name="RemoveBetweenTest" />
    </UnitTest>
    <UnitTest name="FindTest" storage="c:\repo\komodo\src\komodo.unittest\bin\debug\komodo.unittest.dll" id="7d476f30-8159-b3a9-f40f-e32dd9377670">
      <Execution id="99914cd2-b501-4360-8572-526664f9be6d" />
      <TestMethod codeBase="C:/repo/Komodo/src/Komodo.UnitTest/bin/Debug/Komodo.UnitTest.DLL" adapterTypeName="Microsoft.VisualStudio.TestTools.TestTypes.Unit.UnitTestAdapter, Microsoft.VisualStudio.QualityTools.Tips.UnitTest.Adapter, Version=10.0.0.0, Culture=neutral, PublicKeyToken=b03f5f7f11d50a3a" className="Komodo.UnitTest.ImdbSearchTest, Komodo.UnitTest, Version=1.0.0.0, Culture=neutral, PublicKeyToken=null" name="FindTest" />
    </UnitTest>
    <UnitTest name="PageFetcherConstructorTest2" storage="c:\repo\komodo\src\komodo.unittest\bin\debug\komodo.unittest.dll" id="8044c806-f243-b38b-b211-feeca9dea3ea">
      <Execution id="cff33d9a-a8f0-4699-af09-768dc6346ca2" />
      <TestMethod codeBase="C:/repo/Komodo/src/Komodo.UnitTest/bin/Debug/Komodo.UnitTest.DLL" adapterTypeName="Microsoft.VisualStudio.TestTools.TestTypes.Unit.UnitTestAdapter, Microsoft.VisualStudio.QualityTools.Tips.UnitTest.Adapter, Version=10.0.0.0, Culture=neutral, PublicKeyToken=b03f5f7f11d50a3a" className="Komodo.UnitTest.PageFetcherTest, Komodo.UnitTest, Version=1.0.0.0, Culture=neutral, PublicKeyToken=null" name="PageFetcherConstructorTest2" />
    </UnitTest>
    <UnitTest name="PageFetcherConstructorTest" storage="c:\repo\komodo\src\komodo.unittest\bin\debug\komodo.unittest.dll" id="f44a4466-4518-c384-6e24-36ad2220a8c2">
      <Execution id="637f2d61-22d4-43e2-821b-9c90ef9cbed1" />
      <TestMethod codeBase="C:/repo/Komodo/src/Komodo.UnitTest/bin/Debug/Komodo.UnitTest.DLL" adapterTypeName="Microsoft.VisualStudio.TestTools.TestTypes.Unit.UnitTestAdapter, Microsoft.VisualStudio.QualityTools.Tips.UnitTest.Adapter, Version=10.0.0.0, Culture=neutral, PublicKeyToken=b03f5f7f11d50a3a" className="Komodo.UnitTest.PageFetcherTest, Komodo.UnitTest, Version=1.0.0.0, Culture=neutral, PublicKeyToken=null" name="PageFetcherConstructorTest" />
    </UnitTest>
    <UnitTest name="GetFilmFromImdbTest" storage="c:\repo\komodo\src\komodo.unittest\bin\debug\komodo.unittest.dll" id="19290635-014b-0d9b-45f3-5f09e1f1fa4a">
      <Execution id="fed74c21-71c0-46b1-84b5-f26971b09fbe" />
      <TestMethod codeBase="C:/repo/Komodo/src/Komodo.UnitTest/bin/Debug/Komodo.UnitTest.DLL" adapterTypeName="Microsoft.VisualStudio.TestTools.TestTypes.Unit.UnitTestAdapter, Microsoft.VisualStudio.QualityTools.Tips.UnitTest.Adapter, Version=10.0.0.0, Culture=neutral, PublicKeyToken=b03f5f7f11d50a3a" className="Komodo.UnitTest.FilmFetcherTest, Komodo.UnitTest, Version=1.0.0.0, Culture=neutral, PublicKeyToken=null" name="GetFilmFromImdbTest" />
    </UnitTest>
  </TestDefinitions>
  <TestLists>
    <TestList name="Results Not in a List" id="8c84fa94-04c1-424b-9868-57a2d4851a1d" />
    <TestList name="All Loaded Results" id="19431567-8539-422a-85d7-44ee4e166bda" />
  </TestLists>
  <TestEntries>
    <TestEntry testId="19290635-014b-0d9b-45f3-5f09e1f1fa4a" executionId="fed74c21-71c0-46b1-84b5-f26971b09fbe" testListId="8c84fa94-04c1-424b-9868-57a2d4851a1d" />
    <TestEntry testId="5d4a552b-88f7-bd47-acc7-682481f246a1" executionId="23ce56a9-9519-4f97-b138-fbafc50fd9f4" testListId="8c84fa94-04c1-424b-9868-57a2d4851a1d" />
    <TestEntry testId="6d077f09-6ca3-6e2d-eae3-d216b52458ae" executionId="252215cb-e745-49d4-be97-bdcbc013a9ff" testListId="8c84fa94-04c1-424b-9868-57a2d4851a1d" />
    <TestEntry testId="7d476f30-8159-b3a9-f40f-e32dd9377670" executionId="99914cd2-b501-4360-8572-526664f9be6d" testListId="8c84fa94-04c1-424b-9868-57a2d4851a1d" />
    <TestEntry testId="8044c806-f243-b38b-b211-feeca9dea3ea" executionId="cff33d9a-a8f0-4699-af09-768dc6346ca2" testListId="8c84fa94-04c1-424b-9868-57a2d4851a1d" />
    <TestEntry testId="f44a4466-4518-c384-6e24-36ad2220a8c2" executionId="637f2d61-22d4-43e2-821b-9c90ef9cbed1" testListId="8c84fa94-04c1-424b-9868-57a2d4851a1d" />
  </TestEntries>
  <Results>
    <UnitTestResult executionId="fed74c21-71c0-46b1-84b5-f26971b09fbe" testId="19290635-014b-0d9b-45f3-5f09e1f1fa4a" testName="GetFilmFromImdbTest" computerName="BEN_VIRTUAL_DEV" duration="00:00:19.0947265" startTime="2012-02-20T20:06:41.2486797+00:00" endTime="2012-02-20T20:07:00.3434062+00:00" testType="13cdc9d9-ddb5-4fa4-a97d-d965ccfc6d4b" outcome="Aborted" testListId="8c84fa94-04c1-424b-9868-57a2d4851a1d" relativeResultsDirectory="fed74c21-71c0-46b1-84b5-f26971b09fbe">
    </UnitTestResult>
    <UnitTestResult executionId="23ce56a9-9519-4f97-b138-fbafc50fd9f4" testId="5d4a552b-88f7-bd47-acc7-682481f246a1" testName="RemoveBetweenTest" computerName="BEN_VIRTUAL_DEV" testType="13cdc9d9-ddb5-4fa4-a97d-d965ccfc6d4b" outcome="NotExecuted" testListId="8c84fa94-04c1-424b-9868-57a2d4851a1d" relativeResultsDirectory="23ce56a9-9519-4f97-b138-fbafc50fd9f4">
    </UnitTestResult>
    <UnitTestResult executionId="252215cb-e745-49d4-be97-bdcbc013a9ff" testId="6d077f09-6ca3-6e2d-eae3-d216b52458ae" testName="ExtractTest" computerName="BEN_VIRTUAL_DEV" testType="13cdc9d9-ddb5-4fa4-a97d-d965ccfc6d4b" outcome="NotExecuted" testListId="8c84fa94-04c1-424b-9868-57a2d4851a1d" relativeResultsDirectory="252215cb-e745-49d4-be97-bdcbc013a9ff">
    </UnitTestResult>
    <UnitTestResult executionId="99914cd2-b501-4360-8572-526664f9be6d" testId="7d476f30-8159-b3a9-f40f-e32dd9377670" testName="FindTest" computerName="BEN_VIRTUAL_DEV" testType="13cdc9d9-ddb5-4fa4-a97d-d965ccfc6d4b" outcome="NotExecuted" testListId="8c84fa94-04c1-424b-9868-57a2d4851a1d" relativeResultsDirectory="99914cd2-b501-4360-8572-526664f9be6d">
    </UnitTestResult>
    <UnitTestResult executionId="cff33d9a-a8f0-4699-af09-768dc6346ca2" testId="8044c806-f243-b38b-b211-feeca9dea3ea" testName="PageFetcherConstructorTest2" computerName="BEN_VIRTUAL_DEV" testType="13cdc9d9-ddb5-4fa4-a97d-d965ccfc6d4b" outcome="NotExecuted" testListId="8c84fa94-04c1-424b-9868-57a2d4851a1d" relativeResultsDirectory="cff33d9a-a8f0-4699-af09-768dc6346ca2">
    </UnitTestResult>
    <UnitTestResult executionId="637f2d61-22d4-43e2-821b-9c90ef9cbed1" testId="f44a4466-4518-c384-6e24-36ad2220a8c2" testName="PageFetcherConstructorTest" computerName="BEN_VIRTUAL_DEV" testType="13cdc9d9-ddb5-4fa4-a97d-d965ccfc6d4b" outcome="NotExecuted" testListId="8c84fa94-04c1-424b-9868-57a2d4851a1d" relativeResultsDirectory="637f2d61-22d4-43e2-821b-9c90ef9cbed1">
    </UnitTestResult>
  </Results>
</TestRun>